<?xml version="1.0" encoding="UTF-8"?>
<!-- Generated by org.testng.reporters.JUnitReportReporter -->
<testsuite hostname="LAPTOP-7UARP2T2" failures="0" tests="4" name="tests.LoginTest" time="216.892" errors="0" timestamp="15 Jul. 2022 17:06:35 GMT" skipped="0">
  <testcase classname="tests.LoginTest" name="loginWithWrongEmailPasswordTest" time="50.841"/>
  <testcase classname="tests.LoginTest" name="loginWithEmptyEmailTest" time="42.747"/>
  <testcase classname="tests.LoginTest" name="loginWithEmptyPasswordTest" time="48.079"/>
  <testcase classname="tests.LoginTest" name="loginWithSpecialCharEmailTest" time="75.225"/>
</testsuite> <!-- tests.LoginTest -->
